0 info it worked if it ends with ok
1 verbose cli [ '/home/jamesn/.nvm/versions/node/v4.2.3/bin/node',
1 verbose cli   '/home/jamesn/.nvm/versions/node/v4.2.3/bin/npm',
1 verbose cli   'run',
1 verbose cli   'api:watch' ]
2 info using npm@2.14.7
3 info using node@v4.2.3
4 verbose run-script [ 'preapi:watch', 'api:watch', 'postapi:watch' ]
5 info preapi:watch gigofundAPI@1.0.0
6 info api:watch gigofundAPI@1.0.0
7 verbose unsafe-perm in lifecycle true
8 info gigofundAPI@1.0.0 Failed to exec api:watch script
9 verbose stack Error: gigofundAPI@1.0.0 api:watch: `webpack --progress --colors -d --watch`
9 verbose stack Exit status 1
9 verbose stack     at EventEmitter.<anonymous> (/home/jamesn/.nvm/versions/node/v4.2.3/lib/node_modules/npm/lib/utils/lifecycle.js:214:16)
9 verbose stack     at emitTwo (events.js:87:13)
9 verbose stack     at EventEmitter.emit (events.js:172:7)
9 verbose stack     at ChildProcess.<anonymous> (/home/jamesn/.nvm/versions/node/v4.2.3/lib/node_modules/npm/lib/utils/spawn.js:24:14)
9 verbose stack     at emitTwo (events.js:87:13)
9 verbose stack     at ChildProcess.emit (events.js:172:7)
9 verbose stack     at maybeClose (internal/child_process.js:818:16)
9 verbose stack     at Process.ChildProcess._handle.onexit (internal/child_process.js:211:5)
10 verbose pkgid gigofundAPI@1.0.0
11 verbose cwd /home/jamesn/Clevertech/gigofund/api
12 error Linux 3.19.0-39-generic
13 error argv "/home/jamesn/.nvm/versions/node/v4.2.3/bin/node" "/home/jamesn/.nvm/versions/node/v4.2.3/bin/npm" "run" "api:watch"
14 error node v4.2.3
15 error npm  v2.14.7
16 error code ELIFECYCLE
17 error gigofundAPI@1.0.0 api:watch: `webpack --progress --colors -d --watch`
17 error Exit status 1
18 error Failed at the gigofundAPI@1.0.0 api:watch script 'webpack --progress --colors -d --watch'.
18 error This is most likely a problem with the gigofundAPI package,
18 error not with npm itself.
18 error Tell the author that this fails on your system:
18 error     webpack --progress --colors -d --watch
18 error You can get their info via:
18 error     npm owner ls gigofundAPI
18 error There is likely additional logging output above.
19 verbose exit [ 1, true ]
